\BOOKMARK [0][-]{section*.1}{Abstract}{}% 1
\BOOKMARK [0][-]{section*.2}{Acknowledgements}{}% 2
\BOOKMARK [0][-]{chapter.1}{Introduction}{}% 3
\BOOKMARK [1][-]{section.1.1}{Motivation}{chapter.1}% 4
\BOOKMARK [1][-]{section.1.2}{Problem Statement}{chapter.1}% 5
\BOOKMARK [1][-]{section.1.3}{Related Work}{chapter.1}% 6
\BOOKMARK [1][-]{section.1.4}{Contributions}{chapter.1}% 7
\BOOKMARK [1][-]{section.1.5}{Report Organization}{chapter.1}% 8
\BOOKMARK [0][-]{chapter.2}{Problem Formulation}{}% 9
\BOOKMARK [1][-]{section.2.1}{Domain and Geometry}{chapter.2}% 10
\BOOKMARK [1][-]{section.2.2}{State Equations}{chapter.2}% 11
\BOOKMARK [2][-]{subsection.2.2.1}{State Equation 1 — Pennes Bioheat PDE}{section.2.2}% 12
\BOOKMARK [2][-]{subsection.2.2.2}{State Equation 2 — Arrhenius Thermal Damage ODE}{section.2.2}% 13
\BOOKMARK [1][-]{section.2.3}{Boundary Conditions}{chapter.2}% 14
\BOOKMARK [1][-]{section.2.4}{Cost Functional \(Bolza Form\)}{chapter.2}% 15
\BOOKMARK [1][-]{section.2.5}{Adjoint Equations and Optimal Control Law}{chapter.2}% 16
\BOOKMARK [0][-]{chapter.3}{Methods}{}% 17
\BOOKMARK [1][-]{section.3.1}{Spatial Discretization}{chapter.3}% 18
\BOOKMARK [1][-]{section.3.2}{Time Integration}{chapter.3}% 19
\BOOKMARK [1][-]{section.3.3}{Solver Modes}{chapter.3}% 20
\BOOKMARK [2][-]{subsection.3.3.1}{Mode 0 — Open-Loop Bang-Bang}{section.3.3}% 21
\BOOKMARK [2][-]{subsection.3.3.2}{Mode 1 — Indirect \(PMP Gradient Projection\)}{section.3.3}% 22
\BOOKMARK [2][-]{subsection.3.3.3}{Mode 2 — Direct Single-Shooting NLP}{section.3.3}% 23
\BOOKMARK [1][-]{section.3.4}{Constraint Checking}{chapter.3}% 24
\BOOKMARK [1][-]{section.3.5}{Software Architecture}{chapter.3}% 25
\BOOKMARK [0][-]{chapter.4}{Simulation Results}{}% 26
\BOOKMARK [1][-]{section.4.1}{Setup and Experimental Matrix}{chapter.4}% 27
\BOOKMARK [1][-]{section.4.2}{Solver Behavior}{chapter.4}% 28
\BOOKMARK [1][-]{section.4.3}{Comparison Across Solver, Probe, and Dimension}{chapter.4}% 29
\BOOKMARK [1][-]{section.4.4}{Summary of Findings}{chapter.4}% 30
\BOOKMARK [0][-]{chapter.5}{Conclusion and Future Work}{}% 31
\BOOKMARK [1][-]{section.5.1}{Summary}{chapter.5}% 32
\BOOKMARK [1][-]{section.5.2}{On the Difficulty of Tuning the Cost Weights}{chapter.5}% 33
\BOOKMARK [1][-]{section.5.3}{Remaining Challenges}{chapter.5}% 34
\BOOKMARK [1][-]{section.5.4}{Future Work}{chapter.5}% 35
\BOOKMARK [0][-]{section*.32}{References}{}% 36
\BOOKMARK [0][-]{appendix*.34}{APPENDICES}{}% 37
\BOOKMARK [0][-]{appendix.A}{Simulation Parameters and Commands}{}% 38
\BOOKMARK [1][-]{section.A.1}{Running the Simulation}{appendix.A}% 39
\BOOKMARK [1][-]{section.A.2}{Configuration Quick-Reference}{appendix.A}% 40
\BOOKMARK [1][-]{section.A.3}{Module Verification Scripts}{appendix.A}% 41
